### ISSUE TITLE
ARM Thumb PC-relative offsets shown incorrectly

### ISSUE THREAD

**Issue by radare** [capstone-engine/capstone#1026]
https://github.com/radare/radare2/issues/8111

**Comment by radare** [comment]
we do this properly in esil, but capstone provides wrong info and wrong disasm

**Comment by radare** [comment]
here's how we do that in esil
<img width="834" alt="screen shot 2017-10-09 at 15 42 59" src="https://user-images.githubusercontent.com/917142/31341077-98f06590-ad08-11e7-8502-39f14323f003.png">

**Comment by aquynh** [comment]
can you provide the input for cstool here, together with expected output?

looks like you can also have a fix for this?

**Comment by radare** [comment]
we have workarounded this in r2 analysis by tweaking this info in our side. the testcase is in https://github.com/radare/radare2/issues/8111

not sure if he provided a testcase in our testsuite

**Comment by aquynh** [comment]
now we have:
```
$ cstool thumb "\x3d\x4a" 0x181516
181516  3d4a  ldr	r2, [pc, #0xf4]
```

but you expect the below output instead?

```
181516  3d4a  ldr	r2, [pc, #0xf8]
```

**Comment by radare** [comment]
nope, should be 0xf6

**Comment by aquynh** [comment]
from that issue of r2:

```
(gdb) disassemble
Dump of assembler code for function thumb_function:
   0x00181510 <+0>:	ldr	r2, [pc, #244]	; (0x181608 <main+232>)
   0x00181512 <+2>:	ldr	r2, [pc, #244]	; (0x181608 <main+232>)
   0x00181514 <+4>:	ldr	r2, [pc, #244]	; (0x18160c <main+236>)
=> 0x00181516 <+6>:	ldr	r2, [pc, #244]	; (0x18160c <main+236>)
   0x00181518 <+8>:	ldr	r2, [pc, #244]	; (0x181610 <main+240>)
   0x0018151a <+10>:	bx	lr
   0x0018151c <+12>:	nop			; (mov r0, r0)
End of assembler dump.
(gdb) set {int}0x181608 = 5
(gdb) set {int}0x18160c = 7
(gdb) set {int}0x181610 = 8
(gdb) si
(gdb) info registers
r0             0x0	0
r1             0x0	0
r2             0x7	7
r3             0x0	0
--snip--
pc             0x181518	0x181518 <thumb_function+8>
cpsr           0x30	48
(gdb) 
```

and `0x18160c - 0x181518 = 244 = 0xf4`.
but currently we also have offset `0xf4` returns by Capstone. what do i miss?

**Comment by Rot127** [comment]
`llvm-objdump` matches with Capstone:

```
000003fc <_start>:
     3fc: 4a3d         	ldr	r2, [pc, #0xf4]
```
and
```
./cstool thumb "\x3d\x4a"
 0  3d 4a  ldr	r2, [pc, #0xf4]
```

@kabeor Please close
