### ISSUE TITLE
SIGSEGV in X86GenAsmWriter1.inc

### ISSUE THREAD

**Issue by fumfel** [capstone-engine/capstone#784]
Tested on version cloned at friday (30.09.16) from master - program [fuzz_harness.c](https://github.com/aquynh/capstone/blob/master/suite/fuzz/fuzz_harness.c) 

[Test data - you have to remove '.txt' extension](https://github.com/aquynh/capstone/files/506254/capstone_segfault_000014_min.txt)

Problem exists in: https://github.com/aquynh/capstone/blob/master/arch/X86/X86GenAsmWriter1.inc#L15023

To reproduce:
`fuzz_harness capstone_segfault_000014_min`

Shortened Valgrind output (full output [here](https://gist.github.com/fumfel/cae5fcd95250ab3027366167ad324656)):

```
==30806== Process terminating with default action of signal 11 (SIGSEGV)
==30806== Access not within mapped region at address 0x4006265EC
==30806== at 0x534CDE: getRegisterName (X86GenAsmWriter1.inc:15023)
==30806== by 0x534CDE: printRegName (X86IntelInstPrinter.c:267)
==30806== by 0x534CDE: printOperand (X86IntelInstPrinter.c:591)
==30806== by 0x533442: printInstruction (X86GenAsmWriter1.inc:14774)
==30806== by 0x53118C: X86_Intel_printInst (X86IntelInstPrinter.c:501)
==30806== by 0x402286: cs_disasm (cs.c:552)
==30806== by 0x400CA1: main (capstone.c:161)
==30806== If you believe this happened as a result of a stack
==30806== overflow in your program's main thread (unlikely but
==30806== possible), you can try to increase the size of the
==30806== main thread stack using the --main-stacksize= flag.
==30806== The main thread stack size used in this run was 8388608.
```

GDB Output:

```
Program received signal SIGSEGV, Segmentation fault.

 [----------------------------------registers-----------------------------------]
RAX: 0xffffffff
RBX: 0x7fffffffd580 --> 0x100000000
RCX: 0x6265f0 --> 0x3580000033c
RDX: 0x9ef400 --> 0x0
RSI: 0x5
RDI: 0x7fffffffd580 --> 0x100000000
RBP: 0x5
RSP: 0x7fffffffd380 --> 0xfc01
RIP: 0x534cde (<printOperand+158>: mov eax,DWORD PTR [rcx+rax*4])
R8 : 0x2
R9 : 0x1006
R10: 0xa03730 --> 0x0
R11: 0x6951c0 --> 0xfff03200fff031f0
R12: 0x7fffffffd520 --> 0x40000500000000
R13: 0x9ebb28 --> 0x9ef400 --> 0x0
R14: 0x0
R15: 0x7fffffffd850 ("valignq \tzmm31 {k7}, zmm16, zmm28, ")
EFLAGS: 0x10206 (carry PARITY adjust zero sign trap INTERRUPT direction overflow)
[-------------------------------------code-------------------------------------]
  0x534cd0 <printOperand+144>: mov r14d,eax
  0x534cd3 <printOperand+147>: lea eax,[r14-0x1]
  0x534cd7 <printOperand+151>: lea rcx,[rip+0xf1912] # 0x6265f0 <getRegisterName.RegAsmOffset>
=> 0x534cde <printOperand+158>: mov eax,DWORD PTR [rcx+rax*4]
  0x534ce1 <printOperand+161>: lea rsi,[rip+0x4688d8] # 0x99d5c0 <getRegisterName.AsmStrs>
  0x534ce8 <printOperand+168>: add rsi,rax
  0x534ceb <printOperand+171>: mov rdi,r15
  0x534cee <printOperand+174>: call 0x406e30 <SStream_concat0>
[------------------------------------stack-------------------------------------]
0000| 0x7fffffffd380 --> 0xfc01
0008| 0x7fffffffd388 --> 0x0
0016| 0x7fffffffd390 --> 0x0
0024| 0x7fffffffd398 --> 0x362000000000000
0032| 0x7fffffffd3a0 --> 0xbca
0040| 0x7fffffffd3a8 --> 0x9ebb28 --> 0x9ef400 --> 0x0
0048| 0x7fffffffd3b0 --> 0x3004751
0056| 0x7fffffffd3b8 --> 0x7fffffffd850 ("valignq \tzmm31 {k7}, zmm16, zmm28, ")
[------------------------------------------------------------------------------]
Legend: code, data, rodata, value
Stopped reason: SIGSEGV
0x0000000000534cde in getRegisterName (RegNo=0x0) at arch/X86/X86GenAsmWriter1.inc:15023
15023 arch/X86/X86GenAsmWriter1.inc: Permission denied.
```

Bug found with american fuzzy lop.

**Comment by aquynh** [comment]
Is this master or next branch?

**Comment by fumfel** [comment]
Master.

**Comment by aquynh** [comment]
What is the input triggering this issue?

**Comment by fumfel** [comment]
Attached binary file: [test data - you have to remove '.txt' extension](https://github.com/aquynh/capstone/files/506254/capstone_segfault_000014_min.txt) or `f4uTMDAwMGID/UcD/A== | base64 -d` in terminal.

**Comment by aquynh** [comment]
can you confirm that the input is 13 bytes, in hexa form is "7f 8b 93 30 30 30 30 62 03 fd 47 03 fc" ? is this for x6 64bit?

also, can you confirm if it also affects the "next" branch?

**Comment by aquynh** [comment]
ok this only happens with the "master", but not "next" branch. will see how to fix that, thanks.

**Comment by fumfel** [comment]
No problem - I realized, the same bug was found a year ago - #463.

**Comment by kabeor** [comment]
Close this issue for now because of legacy, we are preparing to release Capstone 5.0, plz feel free to open a new issue if that still has this issue.
thx :)
